This file contains any messages produced by compilers while
running configure, to aid debugging if configure makes a mistake.

It was created by libglide2x configure 2.0.0, which was
generated by GNU Autoconf 2.69.  Invocation command line was

  $ ./configure 

## --------- ##
## Platform. ##
## --------- ##

hostname = pcxmvm
uname -m = i686
uname -r = 2.4.1(0.294/5/3)
uname -s = MINGW32_NT-5.1
uname -v = 2016-02-03 11:08

/usr/bin/uname -p = unknown
/bin/uname -X     = unknown

/bin/arch              = i686
/usr/bin/arch -k       = unknown
/usr/convex/getsysinfo = unknown
/usr/bin/hostinfo      = unknown
/bin/machine           = unknown
/usr/bin/oslevel       = unknown
/bin/universe          = unknown

PATH: /mingw32/bin
PATH: /usr/local/bin
PATH: /usr/bin
PATH: /bin
PATH: /c/WINDOWS/system32
PATH: /c/WINDOWS
PATH: /c/WINDOWS/System32/Wbem
PATH: /c/MinGW/bin
PATH: /usr/bin/site_perl
PATH: /usr/bin/vendor_perl
PATH: /usr/bin/core_perl


## ----------- ##
## Core tests. ##
## ----------- ##

configure:2516: checking build system type
configure:2530: result: i686-pc-mingw32
configure:2550: checking host system type
configure:2563: result: i686-pc-mingw32
configure:2583: checking target system type
configure:2596: result: i686-pc-mingw32
configure:2638: checking for a BSD-compatible install
configure:2706: result: /usr/bin/install -c
configure:2717: checking whether build environment is sane
configure:2772: result: yes
configure:2923: checking for a thread-safe mkdir -p
configure:2962: result: /usr/bin/mkdir -p
configure:2969: checking for gawk
configure:2985: found /usr/bin/gawk
configure:2996: result: gawk
configure:3007: checking whether make sets $(MAKE)
configure:3029: result: yes
configure:3058: checking whether make supports nested variables
configure:3075: result: yes
configure:3251: checking for g++
configure:3267: found /c/MinGW/bin/g++
configure:3278: result: g++
configure:3305: checking for C++ compiler version
configure:3314: g++ --version >&5
g++.exe (MinGW.org GCC Build-20200227-1) 9.2.0
Copyright (C) 2019 Free Software Foundation, Inc.
This is free software; see the source for copying conditions.  There is NO
warranty; not even for MERCHANTABILITY or FITNESS FOR A PARTICULAR PURPOSE.

configure:3325: $? = 0
configure:3314: g++ -v >&5
Using built-in specs.
COLLECT_GCC=C:\MinGW\bin\g++.exe
COLLECT_LTO_WRAPPER=c:/mingw/bin/../libexec/gcc/mingw32/9.2.0/lto-wrapper.exe
Target: mingw32
Configured with: ../src/gcc-9.2.0/configure --build=x86_64-pc-linux-gnu --host=mingw32 --target=mingw32 --disable-win32-registry --with-arch=i586 --with-tune=generic --enable-static --enable-shared --enable-threads --enable-languages=c,c++,objc,obj-c++,fortran,ada --with-dwarf2 --disable-sjlj-exceptions --enable-version-specific-runtime-libs --enable-libgomp --disable-libvtv --with-libiconv-prefix=/mingw --with-libintl-prefix=/mingw --enable-libstdcxx-debug --disable-build-format-warnings --prefix=/mingw --with-gmp=/mingw --with-mpfr=/mingw --with-mpc=/mingw --with-isl=/mingw --enable-nls --with-pkgversion='MinGW.org GCC Build-20200227-1'
Thread model: win32
gcc version 9.2.0 (MinGW.org GCC Build-20200227-1) 
configure:3325: $? = 0
configure:3314: g++ -V >&5
g++.exe: error: unrecognized command line option '-V'
g++.exe: fatal error: no input files
compilation terminated.
configure:3325: $? = 1
configure:3314: g++ -qversion >&5
g++.exe: error: unrecognized command line option '-qversion'; did you mean '--version'?
g++.exe: fatal error: no input files
compilation terminated.
configure:3325: $? = 1
configure:3345: checking whether the C++ compiler works
configure:3367: g++    conftest.cpp  >&5
configure:3371: $? = 0
configure:3419: result: yes
configure:3422: checking for C++ compiler default output file name
configure:3424: result: a.exe
configure:3430: checking for suffix of executables
configure:3437: g++ -o conftest.exe    conftest.cpp  >&5
configure:3441: $? = 0
configure:3463: result: .exe
configure:3485: checking whether we are cross compiling
configure:3493: g++ -o conftest.exe    conftest.cpp  >&5
configure:3497: $? = 0
configure:3504: ./conftest.exe
configure:3508: $? = 0
configure:3523: result: no
configure:3528: checking for suffix of object files
configure:3550: g++ -c   conftest.cpp >&5
configure:3554: $? = 0
configure:3575: result: o
configure:3579: checking whether we are using the GNU C++ compiler
configure:3598: g++ -c   conftest.cpp >&5
configure:3598: $? = 0
configure:3607: result: yes
configure:3616: checking whether g++ accepts -g
configure:3636: g++ -c -g  conftest.cpp >&5
configure:3636: $? = 0
configure:3677: result: yes
configure:3711: checking for style of include used by make
configure:3739: result: GNU
configure:3765: checking dependency style of g++
configure:3876: result: gcc3
configure:3939: checking for as
configure:3955: found /c/MinGW/bin/as
configure:3966: result: as
configure:4031: checking for dlltool
configure:4047: found /c/MinGW/bin/dlltool
configure:4058: result: dlltool
configure:4123: checking for objdump
configure:4139: found /c/MinGW/bin/objdump
configure:4150: result: objdump
configure:4241: checking how to print strings
configure:4268: result: printf
configure:4337: checking for gcc
configure:4353: found /c/MinGW/bin/gcc
configure:4364: result: gcc
configure:4593: checking for C compiler version
configure:4602: gcc --version >&5
gcc.exe (MinGW.org GCC Build-20200227-1) 9.2.0
Copyright (C) 2019 Free Software Foundation, Inc.
This is free software; see the source for copying conditions.  There is NO
warranty; not even for MERCHANTABILITY or FITNESS FOR A PARTICULAR PURPOSE.

configure:4613: $? = 0
configure:4602: gcc -v >&5
Using built-in specs.
COLLECT_GCC=C:\MinGW\bin\gcc.exe
COLLECT_LTO_WRAPPER=c:/mingw/bin/../libexec/gcc/mingw32/9.2.0/lto-wrapper.exe
Target: mingw32
Configured with: ../src/gcc-9.2.0/configure --build=x86_64-pc-linux-gnu --host=mingw32 --target=mingw32 --disable-win32-registry --with-arch=i586 --with-tune=generic --enable-static --enable-shared --enable-threads --enable-languages=c,c++,objc,obj-c++,fortran,ada --with-dwarf2 --disable-sjlj-exceptions --enable-version-specific-runtime-libs --enable-libgomp --disable-libvtv --with-libiconv-prefix=/mingw --with-libintl-prefix=/mingw --enable-libstdcxx-debug --disable-build-format-warnings --prefix=/mingw --with-gmp=/mingw --with-mpfr=/mingw --with-mpc=/mingw --with-isl=/mingw --enable-nls --with-pkgversion='MinGW.org GCC Build-20200227-1'
Thread model: win32
gcc version 9.2.0 (MinGW.org GCC Build-20200227-1) 
configure:4613: $? = 0
configure:4602: gcc -V >&5
gcc.exe: error: unrecognized command line option '-V'
gcc.exe: fatal error: no input files
compilation terminated.
configure:4613: $? = 1
configure:4602: gcc -qversion >&5
gcc.exe: error: unrecognized command line option '-qversion'; did you mean '--version'?
gcc.exe: fatal error: no input files
compilation terminated.
configure:4613: $? = 1
configure:4617: checking whether we are using the GNU C compiler
configure:4636: gcc -c   conftest.c >&5
configure:4636: $? = 0
configure:4645: result: yes
configure:4654: checking whether gcc accepts -g
configure:4674: gcc -c -g  conftest.c >&5
configure:4674: $? = 0
configure:4715: result: yes
configure:4732: checking for gcc option to accept ISO C89
configure:4795: gcc  -c -g -O2  conftest.c >&5
configure:4795: $? = 0
configure:4808: result: none needed
configure:4833: checking whether gcc understands -c and -o together
configure:4855: gcc -c conftest.c -o conftest2.o
configure:4858: $? = 0
configure:4855: gcc -c conftest.c -o conftest2.o
configure:4858: $? = 0
configure:4870: result: yes
configure:4889: checking dependency style of gcc
configure:5000: result: gcc3
configure:5015: checking for a sed that does not truncate output
configure:5079: result: /usr/bin/sed
configure:5097: checking for grep that handles long lines and -e
configure:5155: result: /usr/bin/grep
configure:5160: checking for egrep
configure:5222: result: /usr/bin/grep -E
configure:5227: checking for fgrep
configure:5289: result: /usr/bin/grep -F
configure:5324: checking for ld used by gcc
configure:5391: result: c:/mingw/mingw32/bin/ld.exe
configure:5398: checking if the linker (c:/mingw/mingw32/bin/ld.exe) is GNU ld
configure:5413: result: yes
configure:5425: checking for BSD- or MS-compatible name lister (nm)
configure:5479: result: /c/MinGW/bin/nm -B
configure:5609: checking the name lister (/c/MinGW/bin/nm -B) interface
configure:5616: gcc -c -g -O2  conftest.c >&5
configure:5619: /c/MinGW/bin/nm -B "conftest.o"
configure:5622: output
00000000 b .bss
00000000 d .data
00000000 N .debug_abbrev
00000000 N .debug_aranges
00000000 N .debug_info
00000000 N .debug_line
00000000 r .rdata$zzz
00000000 t .text
00000000 B _some_variable
configure:5629: result: BSD nm
configure:5632: checking whether ln -s works
configure:5639: result: no, using cp -pR
configure:5644: checking the maximum length of command line arguments
configure:5775: result: 8192
configure:5823: checking how to convert i686-pc-mingw32 file names to i686-pc-mingw32 format
configure:5863: result: func_convert_file_msys_to_w32
configure:5870: checking how to convert i686-pc-mingw32 file names to toolchain format
configure:5890: result: func_convert_file_msys_to_w32
configure:5897: checking for c:/mingw/mingw32/bin/ld.exe option to reload object files
configure:5904: result: -r
configure:5978: checking for objdump
configure:6005: result: objdump
configure:6034: checking how to recognize dependent libraries
configure:6234: result: file_magic ^x86 archive import|^x86 DLL
configure:6319: checking for dlltool
configure:6346: result: dlltool
configure:6376: checking how to associate runtime and link libraries
configure:6403: result: func_cygming_dll_for_implib
configure:6464: checking for ar
configure:6480: found /c/MinGW/bin/ar
configure:6491: result: ar
configure:6528: checking for archiver @FILE support
configure:6545: gcc -c -g -O2  conftest.c >&5
configure:6545: $? = 0
configure:6548: ar cru libconftest.a @conftest.lst >&5
configure:6551: $? = 0
configure:6556: ar cru libconftest.a @conftest.lst >&5
C:\MinGW\bin\ar.exe: conftest.o: No such file or directory
configure:6559: $? = 1
configure:6571: result: @
configure:6629: checking for strip
configure:6645: found /c/MinGW/bin/strip
configure:6656: result: strip
configure:6728: checking for ranlib
configure:6744: found /c/MinGW/bin/ranlib
configure:6755: result: ranlib
configure:6857: checking command to parse /c/MinGW/bin/nm -B output from gcc object
configure:7010: gcc -c -g -O2  conftest.c >&5
configure:7013: $? = 0
configure:7017: /c/MinGW/bin/nm -B conftest.o \| sed -n -e 's/^.*[ ]\([ABCDGIRSTW][ABCDGIRSTW]*\)[ ][ ]*\([_A-Za-z][_A-Za-z0-9]*\)\{0,1\}$/\1 \2 \2/p' | sed '/ __gnu_lto/d' \> conftest.nm
configure:7020: $? = 0
cannot find nm_test_var in conftest.nm
configure:7010: gcc -c -g -O2  conftest.c >&5
configure:7013: $? = 0
configure:7017: /c/MinGW/bin/nm -B conftest.o \| sed -n -e 's/^.*[ ]\([ABCDGIRSTW][ABCDGIRSTW]*\)[ ][ ]*_\([_A-Za-z][_A-Za-z0-9]*\)\{0,1\}$/\1 _\2 \2/p' | sed '/ __gnu_lto/d' \> conftest.nm
configure:7020: $? = 0
configure:7086: gcc -o conftest.exe -g -O2   conftest.c conftstm.o >&5
configure:7089: $? = 0
configure:7127: result: ok
configure:7174: checking for sysroot
configure:7204: result: no
configure:7211: checking for a working dd
configure:7249: result: /usr/bin/dd
configure:7253: checking how to truncate binary pipes
configure:7268: result: /usr/bin/dd bs=4096 count=1
configure:7597: checking for mt
configure:7627: result: no
configure:7647: checking if : is a manifest tool
configure:7653: : '-?'
configure:7661: result: no
configure:8338: checking how to run the C preprocessor
configure:8369: gcc -E  conftest.c
configure:8369: $? = 0
configure:8383: gcc -E  conftest.c
conftest.c:9:10: fatal error: ac_nonexistent.h: No such file or directory
    9 | #include <ac_nonexistent.h>
      |          ^~~~~~~~~~~~~~~~~~
compilation terminated.
configure:8383: $? = 1
configure: failed program was:
| /* confdefs.h */
| #define PACKAGE_NAME "libglide2x"
| #define PACKAGE_TARNAME "libglide2x"
| #define PACKAGE_VERSION "2.0.0"
| #define PACKAGE_STRING "libglide2x 2.0.0"
| #define PACKAGE_BUGREPORT ""
| #define PACKAGE_URL ""
| /* end confdefs.h.  */
| #include <ac_nonexistent.h>
configure:8408: result: gcc -E
configure:8428: gcc -E  conftest.c
configure:8428: $? = 0
configure:8442: gcc -E  conftest.c
conftest.c:9:10: fatal error: ac_nonexistent.h: No such file or directory
    9 | #include <ac_nonexistent.h>
      |          ^~~~~~~~~~~~~~~~~~
compilation terminated.
configure:8442: $? = 1
configure: failed program was:
| /* confdefs.h */
| #define PACKAGE_NAME "libglide2x"
| #define PACKAGE_TARNAME "libglide2x"
| #define PACKAGE_VERSION "2.0.0"
| #define PACKAGE_STRING "libglide2x 2.0.0"
| #define PACKAGE_BUGREPORT ""
| #define PACKAGE_URL ""
| /* end confdefs.h.  */
| #include <ac_nonexistent.h>
configure:8471: checking for ANSI C header files
configure:8491: gcc -c -g -O2  conftest.c >&5
configure:8491: $? = 0
configure:8564: gcc -o conftest.exe -g -O2   conftest.c  >&5
configure:8564: $? = 0
configure:8564: ./conftest.exe
configure:8564: $? = 0
configure:8575: result: yes
configure:8588: checking for sys/types.h
configure:8588: gcc -c -g -O2  conftest.c >&5
configure:8588: $? = 0
configure:8588: result: yes
configure:8588: checking for sys/stat.h
configure:8588: gcc -c -g -O2  conftest.c >&5
configure:8588: $? = 0
configure:8588: result: yes
configure:8588: checking for stdlib.h
configure:8588: gcc -c -g -O2  conftest.c >&5
configure:8588: $? = 0
configure:8588: result: yes
configure:8588: checking for string.h
configure:8588: gcc -c -g -O2  conftest.c >&5
configure:8588: $? = 0
configure:8588: result: yes
configure:8588: checking for memory.h
configure:8588: gcc -c -g -O2  conftest.c >&5
configure:8588: $? = 0
configure:8588: result: yes
configure:8588: checking for strings.h
configure:8588: gcc -c -g -O2  conftest.c >&5
configure:8588: $? = 0
configure:8588: result: yes
configure:8588: checking for inttypes.h
configure:8588: gcc -c -g -O2  conftest.c >&5
configure:8588: $? = 0
configure:8588: result: yes
configure:8588: checking for stdint.h
configure:8588: gcc -c -g -O2  conftest.c >&5
configure:8588: $? = 0
configure:8588: result: yes
configure:8588: checking for unistd.h
configure:8588: gcc -c -g -O2  conftest.c >&5
configure:8588: $? = 0
configure:8588: result: yes
configure:8602: checking for dlfcn.h
configure:8602: gcc -c -g -O2  conftest.c >&5
configure:8602: $? = 0
configure:8602: result: yes
configure:8867: checking for objdir
configure:8882: result: .libs
configure:9142: checking if gcc supports -fno-rtti -fno-exceptions
configure:9160: gcc -c -g -O2  -fno-rtti -fno-exceptions conftest.c >&5
cc1.exe: warning: command line option '-fno-rtti' is valid for C++/D/ObjC++ but not for C
configure:9164: $? = 0
configure:9177: result: no
configure:9535: checking for gcc option to produce PIC
configure:9542: result: -DDLL_EXPORT -DPIC
configure:9550: checking if gcc PIC flag -DDLL_EXPORT -DPIC works
configure:9568: gcc -c -g -O2  -DDLL_EXPORT -DPIC -DPIC conftest.c >&5
configure:9572: $? = 0
configure:9585: result: yes
configure:9614: checking if gcc static flag -static works
configure:9642: result: yes
configure:9657: checking if gcc supports -c -o file.o
configure:9678: gcc -c -g -O2  -o out/conftest2.o conftest.c >&5
configure:9682: $? = 0
configure:9704: result: yes
configure:9712: checking if gcc supports -c -o file.o
configure:9759: result: yes
configure:9792: checking whether the gcc linker (c:/mingw/mingw32/bin/ld.exe) supports shared libraries
configure:11051: result: yes
configure:11088: checking whether -lc should be explicitly linked in
configure:11096: gcc -c -g -O2  conftest.c >&5
configure:11099: $? = 0
configure:11114: gcc -shared conftest.o  -v -o ./conftest -Wl,--enable-auto-image-base -Xlinker --out-implib -Xlinker conftest 2\>\&1 \| /usr/bin/grep  -lc  \>/dev/null 2\>\&1
configure:11117: $? = 1
configure:11131: result: yes
configure:11291: checking dynamic linker characteristics
configure:12115: result: Win32 ld.exe
configure:12237: checking how to hardcode library paths into programs
configure:12262: result: immediate
configure:12810: checking whether stripping libraries is possible
configure:12815: result: yes
configure:12850: checking if libtool supports shared libraries
configure:12852: result: yes
configure:12855: checking whether to build shared libraries
configure:12880: result: yes
configure:12883: checking whether to build static libraries
configure:12887: result: yes
configure:12910: checking how to run the C++ preprocessor
configure:12937: g++ -E  conftest.cpp
configure:12937: $? = 0
configure:12951: g++ -E  conftest.cpp
conftest.cpp:21:10: fatal error: ac_nonexistent.h: No such file or directory
   21 | #include <ac_nonexistent.h>
      |          ^~~~~~~~~~~~~~~~~~
compilation terminated.
configure:12951: $? = 1
configure: failed program was:
| /* confdefs.h */
| #define PACKAGE_NAME "libglide2x"
| #define PACKAGE_TARNAME "libglide2x"
| #define PACKAGE_VERSION "2.0.0"
| #define PACKAGE_STRING "libglide2x 2.0.0"
| #define PACKAGE_BUGREPORT ""
| #define PACKAGE_URL ""
| #define STDC_HEADERS 1
| #define HAVE_SYS_TYPES_H 1
| #define HAVE_SYS_STAT_H 1
| #define HAVE_STDLIB_H 1
| #define HAVE_STRING_H 1
| #define HAVE_MEMORY_H 1
| #define HAVE_STRINGS_H 1
| #define HAVE_INTTYPES_H 1
| #define HAVE_STDINT_H 1
| #define HAVE_UNISTD_H 1
| #define HAVE_DLFCN_H 1
| #define LT_OBJDIR ".libs/"
| /* end confdefs.h.  */
| #include <ac_nonexistent.h>
configure:12976: result: g++ -E
configure:12996: g++ -E  conftest.cpp
configure:12996: $? = 0
configure:13010: g++ -E  conftest.cpp
conftest.cpp:21:10: fatal error: ac_nonexistent.h: No such file or directory
   21 | #include <ac_nonexistent.h>
      |          ^~~~~~~~~~~~~~~~~~
compilation terminated.
configure:13010: $? = 1
configure: failed program was:
| /* confdefs.h */
| #define PACKAGE_NAME "libglide2x"
| #define PACKAGE_TARNAME "libglide2x"
| #define PACKAGE_VERSION "2.0.0"
| #define PACKAGE_STRING "libglide2x 2.0.0"
| #define PACKAGE_BUGREPORT ""
| #define PACKAGE_URL ""
| #define STDC_HEADERS 1
| #define HAVE_SYS_TYPES_H 1
| #define HAVE_SYS_STAT_H 1
| #define HAVE_STDLIB_H 1
| #define HAVE_STRING_H 1
| #define HAVE_MEMORY_H 1
| #define HAVE_STRINGS_H 1
| #define HAVE_INTTYPES_H 1
| #define HAVE_STDINT_H 1
| #define HAVE_UNISTD_H 1
| #define HAVE_DLFCN_H 1
| #define LT_OBJDIR ".libs/"
| /* end confdefs.h.  */
| #include <ac_nonexistent.h>
configure:13172: checking for ld used by g++
configure:13239: result: c:/mingw/mingw32/bin/ld.exe
configure:13246: checking if the linker (c:/mingw/mingw32/bin/ld.exe) is GNU ld
configure:13261: result: yes
configure:13316: checking whether the g++ linker (c:/mingw/mingw32/bin/ld.exe) supports shared libraries
configure:14389: result: yes
configure:14425: g++ -c -g -O2  conftest.cpp >&5
configure:14428: $? = 0
configure:14909: checking for g++ option to produce PIC
configure:14916: result: -DDLL_EXPORT -DPIC
configure:14924: checking if g++ PIC flag -DDLL_EXPORT -DPIC works
configure:14942: g++ -c -g -O2  -DDLL_EXPORT -DPIC -DPIC conftest.cpp >&5
configure:14946: $? = 0
configure:14959: result: yes
configure:14982: checking if g++ static flag -static works
configure:15010: result: yes
configure:15022: checking if g++ supports -c -o file.o
configure:15043: g++ -c -g -O2  -o out/conftest2.o conftest.cpp >&5
configure:15047: $? = 0
configure:15069: result: yes
configure:15074: checking if g++ supports -c -o file.o
configure:15121: result: yes
configure:15151: checking whether the g++ linker (c:/mingw/mingw32/bin/ld.exe) supports shared libraries
configure:15191: result: yes
configure:15332: checking dynamic linker characteristics
configure:16082: result: Win32 ld.exe
configure:16147: checking how to hardcode library paths into programs
configure:16172: result: immediate
configure:16234: checking for ANSI C header files
configure:16338: result: yes
configure:16351: checking size of unsigned char
configure:16356: gcc -o conftest.exe -g -O2   conftest.c  >&5
configure:16356: $? = 0
configure:16356: ./conftest.exe
configure:16356: $? = 0
configure:16370: result: 1
configure:16384: checking size of unsigned short
configure:16389: gcc -o conftest.exe -g -O2   conftest.c  >&5
configure:16389: $? = 0
configure:16389: ./conftest.exe
configure:16389: $? = 0
configure:16403: result: 2
configure:16417: checking size of unsigned int
configure:16422: gcc -o conftest.exe -g -O2   conftest.c  >&5
configure:16422: $? = 0
configure:16422: ./conftest.exe
configure:16422: $? = 0
configure:16436: result: 4
configure:16450: checking size of unsigned long
configure:16455: gcc -o conftest.exe -g -O2   conftest.c  >&5
configure:16455: $? = 0
configure:16455: ./conftest.exe
configure:16455: $? = 0
configure:16469: result: 4
configure:16483: checking size of unsigned long long
configure:16488: gcc -o conftest.exe -g -O2   conftest.c  >&5
configure:16488: $? = 0
configure:16488: ./conftest.exe
configure:16488: $? = 0
configure:16502: result: 8
configure:16516: checking size of int *
configure:16521: gcc -o conftest.exe -g -O2   conftest.c  >&5
configure:16521: $? = 0
configure:16521: ./conftest.exe
configure:16521: $? = 0
configure:16535: result: 4
configure:16559: checking for X
configure:16667: gcc -E  conftest.c
conftest.c:28:10: fatal error: X11/Xlib.h: No such file or directory
   28 | #include <X11/Xlib.h>
      |          ^~~~~~~~~~~~
compilation terminated.
configure:16667: $? = 1
configure: failed program was:
| /* confdefs.h */
| #define PACKAGE_NAME "libglide2x"
| #define PACKAGE_TARNAME "libglide2x"
| #define PACKAGE_VERSION "2.0.0"
| #define PACKAGE_STRING "libglide2x 2.0.0"
| #define PACKAGE_BUGREPORT ""
| #define PACKAGE_URL ""
| #define STDC_HEADERS 1
| #define HAVE_SYS_TYPES_H 1
| #define HAVE_SYS_STAT_H 1
| #define HAVE_STDLIB_H 1
| #define HAVE_STRING_H 1
| #define HAVE_MEMORY_H 1
| #define HAVE_STRINGS_H 1
| #define HAVE_INTTYPES_H 1
| #define HAVE_STDINT_H 1
| #define HAVE_UNISTD_H 1
| #define HAVE_DLFCN_H 1
| #define LT_OBJDIR ".libs/"
| #define STDC_HEADERS 1
| #define SIZEOF_UNSIGNED_CHAR 1
| #define SIZEOF_UNSIGNED_SHORT 2
| #define SIZEOF_UNSIGNED_INT 4
| #define SIZEOF_UNSIGNED_LONG 4
| #define SIZEOF_UNSIGNED_LONG_LONG 8
| #define SIZEOF_INT_P 4
| /* end confdefs.h.  */
| #include <X11/Xlib.h>
configure:16698: gcc -o conftest.exe -g -O2   conftest.c -lX11  >&5
conftest.c:28:10: fatal error: X11/Xlib.h: No such file or directory
   28 | #include <X11/Xlib.h>
      |          ^~~~~~~~~~~~
compilation terminated.
configure:16698: $? = 1
configure: failed program was:
| /* confdefs.h */
| #define PACKAGE_NAME "libglide2x"
| #define PACKAGE_TARNAME "libglide2x"
| #define PACKAGE_VERSION "2.0.0"
| #define PACKAGE_STRING "libglide2x 2.0.0"
| #define PACKAGE_BUGREPORT ""
| #define PACKAGE_URL ""
| #define STDC_HEADERS 1
| #define HAVE_SYS_TYPES_H 1
| #define HAVE_SYS_STAT_H 1
| #define HAVE_STDLIB_H 1
| #define HAVE_STRING_H 1
| #define HAVE_MEMORY_H 1
| #define HAVE_STRINGS_H 1
| #define HAVE_INTTYPES_H 1
| #define HAVE_STDINT_H 1
| #define HAVE_UNISTD_H 1
| #define HAVE_DLFCN_H 1
| #define LT_OBJDIR ".libs/"
| #define STDC_HEADERS 1
| #define SIZEOF_UNSIGNED_CHAR 1
| #define SIZEOF_UNSIGNED_SHORT 2
| #define SIZEOF_UNSIGNED_INT 4
| #define SIZEOF_UNSIGNED_LONG 4
| #define SIZEOF_UNSIGNED_LONG_LONG 8
| #define SIZEOF_INT_P 4
| /* end confdefs.h.  */
| #include <X11/Xlib.h>
| int
| main ()
| {
| XrmInitialize ()
|   ;
|   return 0;
| }
configure:16737: result: no
configure:17293: checking for sdl-config
configure:17311: found /usr/local/bin/sdl-config
configure:17324: result: /usr/local/bin/sdl-config
configure:17333: checking for SDL - version >= 1.2.0
configure:17418: gcc -o conftest.exe -g -O2 -I/usr/local/include/SDL -D_GNU_SOURCE=1 -Dmain=SDL_main   conftest.c  -L/usr/local/lib -lmingw32 -lSDLmain -lSDL -mwindows >&5
configure:17418: $? = 0
configure:17418: ./conftest.exe
configure:17418: $? = 0
configure:17432: result: yes
configure:17507: checking for target cpu type
configure:17519: result: x86 compatible
configure:17678: checking that generated files are newer than configure
configure:17684: result: done
configure:17711: creating ./config.status

## ---------------------- ##
## Running config.status. ##
## ---------------------- ##

This file was extended by libglide2x config.status 2.0.0, which was
generated by GNU Autoconf 2.69.  Invocation command line was

  CONFIG_FILES    = 
  CONFIG_HEADERS  = 
  CONFIG_LINKS    = 
  CONFIG_COMMANDS = 
  $ ./config.status 

on pcxmvm

config.status:1200: creating Makefile
config.status:1200: creating sdk2_unix.h
config.status:1200: creating platform/Makefile
config.status:1200: creating platform/linux/Makefile
config.status:1200: creating platform/sdl/Makefile
config.status:1200: creating platform/windows/Makefile
config.status:1200: creating config.h
config.status:1381: config.h is unchanged
config.status:1429: executing depfiles commands
config.status:1429: executing libtool commands

## ---------------- ##
## Cache variables. ##
## ---------------- ##

ac_cv_build=i686-pc-mingw32
ac_cv_c_compiler_gnu=yes
ac_cv_cxx_compiler_gnu=yes
ac_cv_env_CCC_set=
ac_cv_env_CCC_value=
ac_cv_env_CC_set=
ac_cv_env_CC_value=
ac_cv_env_CFLAGS_set=
ac_cv_env_CFLAGS_value=
ac_cv_env_CPPFLAGS_set=
ac_cv_env_CPPFLAGS_value=
ac_cv_env_CPP_set=
ac_cv_env_CPP_value=
ac_cv_env_CXXCPP_set=
ac_cv_env_CXXCPP_value=
ac_cv_env_CXXFLAGS_set=
ac_cv_env_CXXFLAGS_value=
ac_cv_env_CXX_set=
ac_cv_env_CXX_value=
ac_cv_env_LDFLAGS_set=
ac_cv_env_LDFLAGS_value=
ac_cv_env_LIBS_set=
ac_cv_env_LIBS_value=
ac_cv_env_LT_SYS_LIBRARY_PATH_set=
ac_cv_env_LT_SYS_LIBRARY_PATH_value=
ac_cv_env_XMKMF_set=
ac_cv_env_XMKMF_value=
ac_cv_env_build_alias_set=
ac_cv_env_build_alias_value=
ac_cv_env_host_alias_set=
ac_cv_env_host_alias_value=
ac_cv_env_target_alias_set=
ac_cv_env_target_alias_value=
ac_cv_exeext=.exe
ac_cv_have_x=have_x=no
ac_cv_header_dlfcn_h=yes
ac_cv_header_inttypes_h=yes
ac_cv_header_memory_h=yes
ac_cv_header_stdc=yes
ac_cv_header_stdint_h=yes
ac_cv_header_stdlib_h=yes
ac_cv_header_string_h=yes
ac_cv_header_strings_h=yes
ac_cv_header_sys_stat_h=yes
ac_cv_header_sys_types_h=yes
ac_cv_header_unistd_h=yes
ac_cv_host=i686-pc-mingw32
ac_cv_objext=o
ac_cv_path_EGREP='/usr/bin/grep -E'
ac_cv_path_FGREP='/usr/bin/grep -F'
ac_cv_path_GREP=/usr/bin/grep
ac_cv_path_SDL_CONFIG=/usr/local/bin/sdl-config
ac_cv_path_SED=/usr/bin/sed
ac_cv_path_install='/usr/bin/install -c'
ac_cv_path_lt_DD=/usr/bin/dd
ac_cv_path_mkdir=/usr/bin/mkdir
ac_cv_prog_AWK=gawk
ac_cv_prog_CPP='gcc -E'
ac_cv_prog_CXXCPP='g++ -E'
ac_cv_prog_ac_ct_AR=ar
ac_cv_prog_ac_ct_AS=as
ac_cv_prog_ac_ct_CC=gcc
ac_cv_prog_ac_ct_CXX=g++
ac_cv_prog_ac_ct_DLLTOOL=dlltool
ac_cv_prog_ac_ct_OBJDUMP=objdump
ac_cv_prog_ac_ct_RANLIB=ranlib
ac_cv_prog_ac_ct_STRIP=strip
ac_cv_prog_cc_c89=
ac_cv_prog_cc_g=yes
ac_cv_prog_cxx_g=yes
ac_cv_prog_make_make_set=yes
ac_cv_sizeof_int_p=4
ac_cv_sizeof_unsigned_char=1
ac_cv_sizeof_unsigned_int=4
ac_cv_sizeof_unsigned_long=4
ac_cv_sizeof_unsigned_long_long=8
ac_cv_sizeof_unsigned_short=2
ac_cv_target=i686-pc-mingw32
am_cv_CC_dependencies_compiler_type=gcc3
am_cv_CXX_dependencies_compiler_type=gcc3
am_cv_make_support_nested_variables=yes
am_cv_prog_cc_c_o=yes
lt_cv_ar_at_file=@
lt_cv_archive_cmds_need_lc=yes
lt_cv_deplibs_check_method='file_magic ^x86 archive import|^x86 DLL'
lt_cv_file_magic_cmd=func_win32_libid
lt_cv_file_magic_test_file=
lt_cv_ld_reload_flag=-r
lt_cv_nm_interface='BSD nm'
lt_cv_objdir=.libs
lt_cv_path_LD=c:/mingw/mingw32/bin/ld.exe
lt_cv_path_LDCXX=c:/mingw/mingw32/bin/ld.exe
lt_cv_path_NM='/c/MinGW/bin/nm -B'
lt_cv_path_mainfest_tool=no
lt_cv_prog_compiler_c_o=yes
lt_cv_prog_compiler_c_o_CXX=yes
lt_cv_prog_compiler_pic='-DDLL_EXPORT -DPIC'
lt_cv_prog_compiler_pic_CXX='-DDLL_EXPORT -DPIC'
lt_cv_prog_compiler_pic_works=yes
lt_cv_prog_compiler_pic_works_CXX=yes
lt_cv_prog_compiler_rtti_exceptions=no
lt_cv_prog_compiler_static_works=yes
lt_cv_prog_compiler_static_works_CXX=yes
lt_cv_prog_gnu_ld=yes
lt_cv_prog_gnu_ldcxx=yes
lt_cv_sharedlib_from_linklib_cmd=func_cygming_dll_for_implib
lt_cv_sys_global_symbol_pipe='sed -n -e '\''s/^.*[	 ]\([ABCDGIRSTW][ABCDGIRSTW]*\)[	 ][	 ]*_\([_A-Za-z][_A-Za-z0-9]*\)\{0,1\}$/\1 _\2 \2/p'\'' | sed '\''/ __gnu_lto/d'\'''
lt_cv_sys_global_symbol_to_c_name_address='sed -n -e '\''s/^: \(.*\) .*$/  {"\1", (void *) 0},/p'\'' -e '\''s/^[ABCDGIRSTW][ABCDGIRSTW]* .* \(.*\)$/  {"\1", (void *) \&\1},/p'\'''
lt_cv_sys_global_symbol_to_c_name_address_lib_prefix='sed -n -e '\''s/^: \(.*\) .*$/  {"\1", (void *) 0},/p'\'' -e '\''s/^[ABCDGIRSTW][ABCDGIRSTW]* .* \(lib.*\)$/  {"\1", (void *) \&\1},/p'\'' -e '\''s/^[ABCDGIRSTW][ABCDGIRSTW]* .* \(.*\)$/  {"lib\1", (void *) \&\1},/p'\'''
lt_cv_sys_global_symbol_to_cdecl='sed -n -e '\''s/^T .* \(.*\)$/extern int \1();/p'\'' -e '\''s/^[ABCDGIRSTW][ABCDGIRSTW]* .* \(.*\)$/extern char \1;/p'\'''
lt_cv_sys_global_symbol_to_import=
lt_cv_sys_max_cmd_len=8192
lt_cv_to_host_file_cmd=func_convert_file_msys_to_w32
lt_cv_to_tool_file_cmd=func_convert_file_msys_to_w32
lt_cv_truncate_bin='/usr/bin/dd bs=4096 count=1'

## ----------------- ##
## Output variables. ##
## ----------------- ##

ACLOCAL='${SHELL} /home/Admin/openglide/missing aclocal-1.15'
AMDEPBACKSLASH='\'
AMDEP_FALSE='#'
AMDEP_TRUE=''
AMTAR='$${TAR-tar}'
AM_BACKSLASH='\'
AM_DEFAULT_V='$(AM_DEFAULT_VERBOSITY)'
AM_DEFAULT_VERBOSITY='1'
AM_V='$(V)'
AR='ar'
AS='as'
AUTOCONF='${SHELL} /home/Admin/openglide/missing autoconf'
AUTOHEADER='${SHELL} /home/Admin/openglide/missing autoheader'
AUTOMAKE='${SHELL} /home/Admin/openglide/missing automake-1.15'
AWK='gawk'
CC='gcc'
CCDEPMODE='depmode=gcc3'
CFLAGS='-g -O2'
CPP='gcc -E'
CPPFLAGS=' -I/usr/local/include/SDL -D_GNU_SOURCE=1 -Dmain=SDL_main -I/usr/include'
CXX='g++'
CXXCPP='g++ -E'
CXXDEPMODE='depmode=gcc3'
CXXFLAGS='-g -O2 -mmmx -DWIN32 -I$(top_srcdir)/platform/windows'
CYGPATH_W='cygpath -w'
DEFS='-DHAVE_CONFIG_H'
DEPDIR='.deps'
DLLFLAGS='-avoid-version -Wc,-def -Wc,Glide2x.def'
DLLTOOL='dlltool'
DSYMUTIL=''
DUMPBIN=''
ECHO_C=''
ECHO_N='-n'
ECHO_T=''
EGREP='/usr/bin/grep -E'
EXEEXT='.exe'
FGREP='/usr/bin/grep -F'
GREP='/usr/bin/grep'
INSTALL_DATA='${INSTALL} -m 644'
INSTALL_PROGRAM='${INSTALL}'
INSTALL_SCRIPT='${INSTALL}'
INSTALL_STRIP_PROGRAM='$(install_sh) -c -s'
LD='c:/mingw/mingw32/bin/ld.exe'
LDFLAGS=''
LIBOBJS=''
LIBS=' -L/usr/local/lib -lmingw32  -lSDL -mwindows -luser32 -lgdi32 -lopengl32 -lglu32'
LIBTOOL='$(SHELL) $(top_builddir)/libtool'
LIBVERSION='0:0:0'
LIPO=''
LN_S='cp -pR'
LTLIBOBJS=''
LT_SYS_LIBRARY_PATH=''
MAKEINFO='${SHELL} /home/Admin/openglide/missing makeinfo'
MANIFEST_TOOL=':'
MKDIR_P='/usr/bin/mkdir -p'
NM='/c/MinGW/bin/nm -B'
NMEDIT=''
OBJDUMP='objdump'
OBJEXT='o'
OTOOL64=''
OTOOL=''
PACKAGE='libglide2x'
PACKAGE_BUGREPORT=''
PACKAGE_NAME='libglide2x'
PACKAGE_STRING='libglide2x 2.0.0'
PACKAGE_TARNAME='libglide2x'
PACKAGE_URL=''
PACKAGE_VERSION='2.0.0'
PATH_SEPARATOR=':'
RANLIB='ranlib'
SDL_CFLAGS='-I/usr/local/include/SDL -D_GNU_SOURCE=1 -Dmain=SDL_main'
SDL_CONFIG='/usr/local/bin/sdl-config'
SDL_LIBS='-L/usr/local/lib -lmingw32 -lSDLmain -lSDL -mwindows'
SED='/usr/bin/sed'
SET_MAKE=''
SHELL='/bin/sh'
SIZEOF_INT_P='4'
SIZEOF_UNSIGNED_CHAR='1'
SIZEOF_UNSIGNED_INT='4'
SIZEOF_UNSIGNED_LONG='4'
SIZEOF_UNSIGNED_LONG_LONG='8'
SIZEOF_UNSIGNED_SHORT='2'
STRIP='strip'
VERSION='2.0.0'
XMKMF=''
X_CFLAGS=''
X_EXTRA_LIBS=''
X_LIBS=''
X_PRE_LIBS=''
ac_ct_AR='ar'
ac_ct_CC='gcc'
ac_ct_CXX='g++'
ac_ct_DUMPBIN=''
am__EXEEXT_FALSE='#'
am__EXEEXT_TRUE=''
am__fastdepCC_FALSE='#'
am__fastdepCC_TRUE=''
am__fastdepCXX_FALSE='#'
am__fastdepCXX_TRUE=''
am__include='include'
am__isrc=''
am__leading_dot='.'
am__nodep='_no'
am__quote=''
am__tar='$${TAR-tar} chof - "$$tardir"'
am__untar='$${TAR-tar} xf -'
bindir='${exec_prefix}/bin'
build='i686-pc-mingw32'
build_alias=''
build_cpu='i686'
build_os='mingw32'
build_vendor='pc'
datadir='${datarootdir}'
datarootdir='${prefix}/share'
docdir='${datarootdir}/doc/${PACKAGE_TARNAME}'
dvidir='${docdir}'
exec_prefix='${prefix}'
host='i686-pc-mingw32'
host_alias=''
host_cpu='i686'
host_os='mingw32'
host_vendor='pc'
htmldir='${docdir}'
includedir='${prefix}/include'
infodir='${datarootdir}/info'
install_sh='${SHELL} /home/Admin/openglide/install-sh'
libdir='${exec_prefix}/lib'
libexecdir='${exec_prefix}/libexec'
localedir='${datarootdir}/locale'
localstatedir='${prefix}/var'
mandir='${datarootdir}/man'
mkdir_p='$(MKDIR_P)'
oldincludedir='/usr/include'
pdfdir='${docdir}'
prefix='/usr/local'
program_transform_name='s,x,x,'
psdir='${docdir}'
sbindir='${exec_prefix}/sbin'
sharedstatedir='${prefix}/com'
sysconfdir='${prefix}/etc'
target='i686-pc-mingw32'
target_alias=''
target_cpu='i686'
target_os='mingw32'
target_vendor='pc'

## ----------- ##
## confdefs.h. ##
## ----------- ##

/* confdefs.h */
#define PACKAGE_NAME "libglide2x"
#define PACKAGE_TARNAME "libglide2x"
#define PACKAGE_VERSION "2.0.0"
#define PACKAGE_STRING "libglide2x 2.0.0"
#define PACKAGE_BUGREPORT ""
#define PACKAGE_URL ""
#define STDC_HEADERS 1
#define HAVE_SYS_TYPES_H 1
#define HAVE_SYS_STAT_H 1
#define HAVE_STDLIB_H 1
#define HAVE_STRING_H 1
#define HAVE_MEMORY_H 1
#define HAVE_STRINGS_H 1
#define HAVE_INTTYPES_H 1
#define HAVE_STDINT_H 1
#define HAVE_UNISTD_H 1
#define HAVE_DLFCN_H 1
#define LT_OBJDIR ".libs/"
#define STDC_HEADERS 1
#define SIZEOF_UNSIGNED_CHAR 1
#define SIZEOF_UNSIGNED_SHORT 2
#define SIZEOF_UNSIGNED_INT 4
#define SIZEOF_UNSIGNED_LONG 4
#define SIZEOF_UNSIGNED_LONG_LONG 8
#define SIZEOF_INT_P 4
#define X_DISPLAY_MISSING 1
#define C_USE_SDL 1
#define HAVE_MMX 1

configure: exit 0
